<?xml version="1.0" encoding="UTF-8"?>
<testsuite xmlns:xsi="http://www.w3.org/2001/XMLSchema-instance" xsi:noNamespaceSchemaLocation="https://maven.apache.org/surefire/maven-surefire-plugin/xsd/surefire-test-report-3.0.xsd" version="3.0" name="com.mycompany.davidcarrerojimenez_ej2.pru_ud4.conversorTest" time="0.057" tests="3" errors="0" skipped="0" failures="0">
  <properties>
[...]
</properties>
  <testcase name="testMain" classname="com.mycompany.davidcarrerojimenez_ej2.pru_ud4.conversorTest" time="0.008">
    <system-out><![CDATA[main
0,000000 grados celsius son 32,000000 grados fahrenheitThe test case is a prototype.
]]></system-out>
  </testcase>
  <testcase name="testFahrenheitACelsius" classname="com.mycompany.davidcarrerojimenez_ej2.pru_ud4.conversorTest" time="0.001">
    <system-out><![CDATA[fahrenheitACelsius
The test case is a prototype.
]]></system-out>
  </testcase>
  <testcase name="testCelsiusAFahrenheit" classname="com.mycompany.davidcarrerojimenez_ej2.pru_ud4.conversorTest" time="0.001">
    <system-out><![CDATA[celsiusAFahrenheit
The test case is a prototype.
]]></system-out>
  </testcase>
</testsuite>